Preflight: ✓ config ✓ hooks ✓ backend ✓ telegram ⚠ git ✓ paths ✓ tools ✓ specs (1 warning)
[2m2026-04-16T20:44:42.467459Z[0m [33m WARN[0m [2mralph::loop_runner[0m[2m:[0m Interactive mode requested but stdout is not a TTY, falling back to autonomous
[2m2026-04-16T20:44:42.468219Z[0m [32m INFO[0m [2mralph_core::event_loop[0m[2m:[0m Memory injection check: enabled=true, inject=Auto, workspace_root="/home/art/Documents/dev/forge"
[2m2026-04-16T20:44:42.468242Z[0m [32m INFO[0m [2mralph_core::event_loop[0m[2m:[0m Looking for memories at: "/home/art/Documents/dev/forge/.ralph/agent/memories.md" (exists: false)
[2m2026-04-16T20:44:42.468256Z[0m [32m INFO[0m [2mralph_core::event_loop[0m[2m:[0m Successfully loaded 0 memories from store
[2m2026-04-16T20:44:42.468264Z[0m [32m INFO[0m [2mralph_core::event_loop[0m[2m:[0m Memory store is empty - no memories to inject
[2m2026-04-16T20:49:28.805442Z[0m [32m INFO[0m [2mralph_core::event_loop[0m[2m:[0m Memory injection check: enabled=true, inject=Auto, workspace_root="/home/art/Documents/dev/forge"
[2m2026-04-16T20:49:28.805503Z[0m [32m INFO[0m [2mralph_core::event_loop[0m[2m:[0m Looking for memories at: "/home/art/Documents/dev/forge/.ralph/agent/memories.md" (exists: false)
[2m2026-04-16T20:49:28.805518Z[0m [32m INFO[0m [2mralph_core::event_loop[0m[2m:[0m Successfully loaded 0 memories from store
[2m2026-04-16T20:49:28.805526Z[0m [32m INFO[0m [2mralph_core::event_loop[0m[2m:[0m Memory store is empty - no memories to inject
[2m2026-04-16T20:53:35.370593Z[0m [32m INFO[0m [2mralph_core::event_loop[0m[2m:[0m Memory injection check: enabled=true, inject=Auto, workspace_root="/home/art/Documents/dev/forge"
[2m2026-04-16T20:53:35.370630Z[0m [32m INFO[0m [2mralph_core::event_loop[0m[2m:[0m Looking for memories at: "/home/art/Documents/dev/forge/.ralph/agent/memories.md" (exists: true)
[2m2026-04-16T20:53:35.380138Z[0m [32m INFO[0m [2mralph_core::event_loop[0m[2m:[0m Successfully loaded 1 memories from store
[2m2026-04-16T20:53:35.380156Z[0m [32m INFO[0m [2mralph_core::event_loop[0m[2m:[0m Injecting 1 memories (273 chars) into prompt
[2m2026-04-16T20:53:35.380252Z[0m [32m INFO[0m [2mralph_core::event_loop[0m[2m:[0m Injecting ready tasks (0 ready, 0 open, 1 closed) into prompt
[2m2026-04-16T21:03:14.830498Z[0m [32m INFO[0m [2mralph_core::event_loop[0m[2m:[0m Memory injection check: enabled=true, inject=Auto, workspace_root="/home/art/Documents/dev/forge"
[2m2026-04-16T21:03:14.830575Z[0m [32m INFO[0m [2mralph_core::event_loop[0m[2m:[0m Looking for memories at: "/home/art/Documents/dev/forge/.ralph/agent/memories.md" (exists: true)
[2m2026-04-16T21:03:14.830825Z[0m [32m INFO[0m [2mralph_core::event_loop[0m[2m:[0m Successfully loaded 2 memories from store
[2m2026-04-16T21:03:14.830847Z[0m [32m INFO[0m [2mralph_core::event_loop[0m[2m:[0m Injecting 2 memories (579 chars) into prompt
[2m2026-04-16T21:03:14.830958Z[0m [32m INFO[0m [2mralph_core::event_loop[0m[2m:[0m Injecting ready tasks (0 ready, 0 open, 2 closed) into prompt
[2m2026-04-16T21:07:16.303587Z[0m [32m INFO[0m [2mralph_core::event_loop[0m[2m:[0m Memory injection check: enabled=true, inject=Auto, workspace_root="/home/art/Documents/dev/forge"
[2m2026-04-16T21:07:16.303628Z[0m [32m INFO[0m [2mralph_core::event_loop[0m[2m:[0m Looking for memories at: "/home/art/Documents/dev/forge/.ralph/agent/memories.md" (exists: true)
[2m2026-04-16T21:07:16.303824Z[0m [32m INFO[0m [2mralph_core::event_loop[0m[2m:[0m Successfully loaded 3 memories from store
[2m2026-04-16T21:07:16.303845Z[0m [32m INFO[0m [2mralph_core::event_loop[0m[2m:[0m Injecting 3 memories (989 chars) into prompt
[2m2026-04-16T21:07:16.304007Z[0m [32m INFO[0m [2mralph_core::event_loop[0m[2m:[0m Injecting ready tasks (0 ready, 0 open, 3 closed) into prompt
[2m2026-04-16T21:20:29.194524Z[0m [32m INFO[0m [2mralph_core::event_loop[0m[2m:[0m Memory injection check: enabled=true, inject=Auto, workspace_root="/home/art/Documents/dev/forge"
[2m2026-04-16T21:20:29.194577Z[0m [32m INFO[0m [2mralph_core::event_loop[0m[2m:[0m Looking for memories at: "/home/art/Documents/dev/forge/.ralph/agent/memories.md" (exists: true)
[2m2026-04-16T21:20:29.194735Z[0m [32m INFO[0m [2mralph_core::event_loop[0m[2m:[0m Successfully loaded 4 memories from store
[2m2026-04-16T21:20:29.194749Z[0m [32m INFO[0m [2mralph_core::event_loop[0m[2m:[0m Injecting 4 memories (1445 chars) into prompt
[2m2026-04-16T21:20:29.194906Z[0m [32m INFO[0m [2mralph_core::event_loop[0m[2m:[0m Injecting ready tasks (0 ready, 0 open, 4 closed) into prompt
[2m2026-04-16T21:30:14.762411Z[0m [32m INFO[0m [2mralph_core::event_loop[0m[2m:[0m Memory injection check: enabled=true, inject=Auto, workspace_root="/home/art/Documents/dev/forge"
[2m2026-04-16T21:30:14.762443Z[0m [32m INFO[0m [2mralph_core::event_loop[0m[2m:[0m Looking for memories at: "/home/art/Documents/dev/forge/.ralph/agent/memories.md" (exists: true)
[2m2026-04-16T21:30:14.762570Z[0m [32m INFO[0m [2mralph_core::event_loop[0m[2m:[0m Successfully loaded 5 memories from store
[2m2026-04-16T21:30:14.762581Z[0m [32m INFO[0m [2mralph_core::event_loop[0m[2m:[0m Injecting 5 memories (1788 chars) into prompt
[2m2026-04-16T21:30:14.762676Z[0m [32m INFO[0m [2mralph_core::event_loop[0m[2m:[0m Injecting ready tasks (0 ready, 0 open, 5 closed) into prompt
[2m2026-04-16T21:37:23.629170Z[0m [32m INFO[0m [2mralph_core::event_loop[0m[2m:[0m Memory injection check: enabled=true, inject=Auto, workspace_root="/home/art/Documents/dev/forge"
[2m2026-04-16T21:37:23.629226Z[0m [32m INFO[0m [2mralph_core::event_loop[0m[2m:[0m Looking for memories at: "/home/art/Documents/dev/forge/.ralph/agent/memories.md" (exists: true)
[2m2026-04-16T21:37:23.629437Z[0m [32m INFO[0m [2mralph_core::event_loop[0m[2m:[0m Successfully loaded 6 memories from store
[2m2026-04-16T21:37:23.629491Z[0m [32m INFO[0m [2mralph_core::event_loop[0m[2m:[0m Injecting 6 memories (2276 chars) into prompt
[2m2026-04-16T21:37:23.629739Z[0m [32m INFO[0m [2mralph_core::event_loop[0m[2m:[0m Injecting ready tasks (0 ready, 0 open, 6 closed) into prompt
[2m2026-04-16T21:43:02.853783Z[0m [32m INFO[0m [2mralph_core::event_loop[0m[2m:[0m Memory injection check: enabled=true, inject=Auto, workspace_root="/home/art/Documents/dev/forge"
[2m2026-04-16T21:43:02.853814Z[0m [32m INFO[0m [2mralph_core::event_loop[0m[2m:[0m Looking for memories at: "/home/art/Documents/dev/forge/.ralph/agent/memories.md" (exists: true)
[2m2026-04-16T21:43:02.853942Z[0m [32m INFO[0m [2mralph_core::event_loop[0m[2m:[0m Successfully loaded 7 memories from store
[2m2026-04-16T21:43:02.853954Z[0m [32m INFO[0m [2mralph_core::event_loop[0m[2m:[0m Injecting 7 memories (2678 chars) into prompt
[2m2026-04-16T21:43:02.854042Z[0m [32m INFO[0m [2mralph_core::event_loop[0m[2m:[0m Injecting ready tasks (0 ready, 0 open, 7 closed) into prompt
[2m2026-04-16T21:48:28.351046Z[0m [32m INFO[0m [2mralph_core::event_loop[0m[2m:[0m Memory injection check: enabled=true, inject=Auto, workspace_root="/home/art/Documents/dev/forge"
[2m2026-04-16T21:48:28.351075Z[0m [32m INFO[0m [2mralph_core::event_loop[0m[2m:[0m Looking for memories at: "/home/art/Documents/dev/forge/.ralph/agent/memories.md" (exists: true)
[2m2026-04-16T21:48:28.351189Z[0m [32m INFO[0m [2mralph_core::event_loop[0m[2m:[0m Successfully loaded 8 memories from store
[2m2026-04-16T21:48:28.351202Z[0m [32m INFO[0m [2mralph_core::event_loop[0m[2m:[0m Injecting 8 memories (3174 chars) into prompt
[2m2026-04-16T21:48:28.351301Z[0m [32m INFO[0m [2mralph_core::event_loop[0m[2m:[0m Injecting ready tasks (0 ready, 0 open, 8 closed) into prompt
[2m2026-04-16T21:53:18.151344Z[0m [32m INFO[0m [2mralph_core::event_loop[0m[2m:[0m Memory injection check: enabled=true, inject=Auto, workspace_root="/home/art/Documents/dev/forge"
[2m2026-04-16T21:53:18.151374Z[0m [32m INFO[0m [2mralph_core::event_loop[0m[2m:[0m Looking for memories at: "/home/art/Documents/dev/forge/.ralph/agent/memories.md" (exists: true)
[2m2026-04-16T21:53:18.151508Z[0m [32m INFO[0m [2mralph_core::event_loop[0m[2m:[0m Successfully loaded 9 memories from store
[2m2026-04-16T21:53:18.151521Z[0m [32m INFO[0m [2mralph_core::event_loop[0m[2m:[0m Injecting 9 memories (3677 chars) into prompt
[2m2026-04-16T21:53:18.151605Z[0m [32m INFO[0m [2mralph_core::event_loop[0m[2m:[0m Injecting ready tasks (0 ready, 0 open, 9 closed) into prompt
[2m2026-04-16T22:06:39.700227Z[0m [32m INFO[0m [2mralph_core::event_loop[0m[2m:[0m Memory injection check: enabled=true, inject=Auto, workspace_root="/home/art/Documents/dev/forge"
[2m2026-04-16T22:06:39.700279Z[0m [32m INFO[0m [2mralph_core::event_loop[0m[2m:[0m Looking for memories at: "/home/art/Documents/dev/forge/.ralph/agent/memories.md" (exists: true)
[2m2026-04-16T22:06:39.700484Z[0m [32m INFO[0m [2mralph_core::event_loop[0m[2m:[0m Successfully loaded 10 memories from store
[2m2026-04-16T22:06:39.700506Z[0m [32m INFO[0m [2mralph_core::event_loop[0m[2m:[0m Injecting 10 memories (4244 chars) into prompt
[2m2026-04-16T22:06:39.700663Z[0m [32m INFO[0m [2mralph_core::event_loop[0m[2m:[0m Injecting ready tasks (0 ready, 0 open, 10 closed) into prompt
[2m2026-04-16T22:13:44.149641Z[0m [32m INFO[0m [2mralph_core::event_loop[0m[2m:[0m Memory injection check: enabled=true, inject=Auto, workspace_root="/home/art/Documents/dev/forge"
[2m2026-04-16T22:13:44.149669Z[0m [32m INFO[0m [2mralph_core::event_loop[0m[2m:[0m Looking for memories at: "/home/art/Documents/dev/forge/.ralph/agent/memories.md" (exists: true)
[2m2026-04-16T22:13:44.149796Z[0m [32m INFO[0m [2mralph_core::event_loop[0m[2m:[0m Successfully loaded 11 memories from store
[2m2026-04-16T22:13:44.149809Z[0m [32m INFO[0m [2mralph_core::event_loop[0m[2m:[0m Injecting 11 memories (4774 chars) into prompt
[2m2026-04-16T22:13:44.149915Z[0m [32m INFO[0m [2mralph_core::event_loop[0m[2m:[0m Injecting ready tasks (0 ready, 0 open, 11 closed) into prompt
[2m2026-04-16T22:21:19.072373Z[0m [32m INFO[0m [2mralph_core::event_loop[0m[2m:[0m Memory injection check: enabled=true, inject=Auto, workspace_root="/home/art/Documents/dev/forge"
[2m2026-04-16T22:21:19.072420Z[0m [32m INFO[0m [2mralph_core::event_loop[0m[2m:[0m Looking for memories at: "/home/art/Documents/dev/forge/.ralph/agent/memories.md" (exists: true)
[2m2026-04-16T22:21:19.072641Z[0m [32m INFO[0m [2mralph_core::event_loop[0m[2m:[0m Successfully loaded 12 memories from store
[2m2026-04-16T22:21:19.072667Z[0m [32m INFO[0m [2mralph_core::event_loop[0m[2m:[0m Injecting 12 memories (5358 chars) into prompt
[2m2026-04-16T22:21:19.072832Z[0m [32m INFO[0m [2mralph_core::event_loop[0m[2m:[0m Injecting ready tasks (0 ready, 0 open, 12 closed) into prompt
[2m2026-04-16T22:28:39.153184Z[0m [32m INFO[0m [2mralph_core::event_loop[0m[2m:[0m Memory injection check: enabled=true, inject=Auto, workspace_root="/home/art/Documents/dev/forge"
[2m2026-04-16T22:28:39.153214Z[0m [32m INFO[0m [2mralph_core::event_loop[0m[2m:[0m Looking for memories at: "/home/art/Documents/dev/forge/.ralph/agent/memories.md" (exists: true)
[2m2026-04-16T22:28:39.153344Z[0m [32m INFO[0m [2mralph_core::event_loop[0m[2m:[0m Successfully loaded 13 memories from store
[2m2026-04-16T22:28:39.153363Z[0m [32m INFO[0m [2mralph_core::event_loop[0m[2m:[0m Injecting 13 memories (6005 chars) into prompt
[2m2026-04-16T22:28:39.153461Z[0m [32m INFO[0m [2mralph_core::event_loop[0m[2m:[0m Injecting ready tasks (0 ready, 0 open, 13 closed) into prompt
[2m2026-04-16T22:34:33.377168Z[0m [32m INFO[0m [2mralph_core::event_loop[0m[2m:[0m Memory injection check: enabled=true, inject=Auto, workspace_root="/home/art/Documents/dev/forge"
[2m2026-04-16T22:34:33.377196Z[0m [32m INFO[0m [2mralph_core::event_loop[0m[2m:[0m Looking for memories at: "/home/art/Documents/dev/forge/.ralph/agent/memories.md" (exists: true)
[2m2026-04-16T22:34:33.377344Z[0m [32m INFO[0m [2mralph_core::event_loop[0m[2m:[0m Successfully loaded 14 memories from store
[2m2026-04-16T22:34:33.377360Z[0m [32m INFO[0m [2mralph_core::event_loop[0m[2m:[0m Injecting 14 memories (6640 chars) into prompt
[2m2026-04-16T22:34:33.377463Z[0m [32m INFO[0m [2mralph_core::event_loop[0m[2m:[0m Injecting ready tasks (0 ready, 0 open, 14 closed) into prompt
[2m2026-04-16T22:43:10.773949Z[0m [32m INFO[0m [2mralph_core::event_loop[0m[2m:[0m Memory injection check: enabled=true, inject=Auto, workspace_root="/home/art/Documents/dev/forge"
[2m2026-04-16T22:43:10.774002Z[0m [32m INFO[0m [2mralph_core::event_loop[0m[2m:[0m Looking for memories at: "/home/art/Documents/dev/forge/.ralph/agent/memories.md" (exists: true)
[2m2026-04-16T22:43:10.774217Z[0m [32m INFO[0m [2mralph_core::event_loop[0m[2m:[0m Successfully loaded 15 memories from store
[2m2026-04-16T22:43:10.774247Z[0m [32m INFO[0m [2mralph_core::event_loop[0m[2m:[0m Injecting 15 memories (7413 chars) into prompt
[2m2026-04-16T22:43:10.774355Z[0m [32m INFO[0m [2mralph_core::event_loop[0m[2m:[0m Injecting ready tasks (0 ready, 0 open, 15 closed) into prompt
[2m2026-04-16T22:50:15.523359Z[0m [32m INFO[0m [2mralph_core::event_loop[0m[2m:[0m Memory injection check: enabled=true, inject=Auto, workspace_root="/home/art/Documents/dev/forge"
[2m2026-04-16T22:50:15.523387Z[0m [32m INFO[0m [2mralph_core::event_loop[0m[2m:[0m Looking for memories at: "/home/art/Documents/dev/forge/.ralph/agent/memories.md" (exists: true)
[2m2026-04-16T22:50:15.523532Z[0m [32m INFO[0m [2mralph_core::event_loop[0m[2m:[0m Successfully loaded 16 memories from store
[2m2026-04-16T22:50:15.523553Z[0m [32m INFO[0m [2mralph_core::event_loop[0m[2m:[0m Injecting 16 memories (7891 chars) into prompt
[2m2026-04-16T22:50:15.523654Z[0m [32m INFO[0m [2mralph_core::event_loop[0m[2m:[0m Injecting ready tasks (0 ready, 0 open, 16 closed) into prompt
[2m2026-04-16T22:56:41.588861Z[0m [32m INFO[0m [2mralph_core::event_loop[0m[2m:[0m Memory injection check: enabled=true, inject=Auto, workspace_root="/home/art/Documents/dev/forge"
[2m2026-04-16T22:56:41.588887Z[0m [32m INFO[0m [2mralph_core::event_loop[0m[2m:[0m Looking for memories at: "/home/art/Documents/dev/forge/.ralph/agent/memories.md" (exists: true)
[2m2026-04-16T22:56:41.589031Z[0m [32m INFO[0m [2mralph_core::event_loop[0m[2m:[0m Successfully loaded 16 memories from store
[2m2026-04-16T22:56:41.589045Z[0m [32m INFO[0m [2mralph_core::event_loop[0m[2m:[0m Injecting 16 memories (7891 chars) into prompt
[2m2026-04-16T22:56:41.589136Z[0m [32m INFO[0m [2mralph_core::event_loop[0m[2m:[0m Injecting ready tasks (0 ready, 0 open, 17 closed) into prompt
[2m2026-04-16T23:03:57.963619Z[0m [32m INFO[0m [2mralph_core::event_loop[0m[2m:[0m Memory injection check: enabled=true, inject=Auto, workspace_root="/home/art/Documents/dev/forge"
[2m2026-04-16T23:03:57.963645Z[0m [32m INFO[0m [2mralph_core::event_loop[0m[2m:[0m Looking for memories at: "/home/art/Documents/dev/forge/.ralph/agent/memories.md" (exists: true)
[2m2026-04-16T23:03:57.963787Z[0m [32m INFO[0m [2mralph_core::event_loop[0m[2m:[0m Successfully loaded 17 memories from store
[2m2026-04-16T23:03:57.963804Z[0m [32m INFO[0m [2mralph_core::event_loop[0m[2m:[0m Injecting 17 memories (7691 chars) into prompt
[2m2026-04-16T23:03:57.963897Z[0m [32m INFO[0m [2mralph_core::event_loop[0m[2m:[0m Injecting ready tasks (0 ready, 0 open, 18 closed) into prompt
[2m2026-04-16T23:10:13.261776Z[0m [32m INFO[0m [2mralph_core::event_loop[0m[2m:[0m Memory injection check: enabled=true, inject=Auto, workspace_root="/home/art/Documents/dev/forge"
[2m2026-04-16T23:10:13.261804Z[0m [32m INFO[0m [2mralph_core::event_loop[0m[2m:[0m Looking for memories at: "/home/art/Documents/dev/forge/.ralph/agent/memories.md" (exists: true)
[2m2026-04-16T23:10:13.261946Z[0m [32m INFO[0m [2mralph_core::event_loop[0m[2m:[0m Successfully loaded 17 memories from store
[2m2026-04-16T23:10:13.261970Z[0m [32m INFO[0m [2mralph_core::event_loop[0m[2m:[0m Injecting 17 memories (7691 chars) into prompt
[2m2026-04-16T23:10:13.262073Z[0m [32m INFO[0m [2mralph_core::event_loop[0m[2m:[0m Injecting ready tasks (0 ready, 0 open, 19 closed) into prompt
[2m2026-04-16T23:16:57.282555Z[0m [32m INFO[0m [2mralph_core::event_loop[0m[2m:[0m Memory injection check: enabled=true, inject=Auto, workspace_root="/home/art/Documents/dev/forge"
[2m2026-04-16T23:16:57.282586Z[0m [32m INFO[0m [2mralph_core::event_loop[0m[2m:[0m Looking for memories at: "/home/art/Documents/dev/forge/.ralph/agent/memories.md" (exists: true)
[2m2026-04-16T23:16:57.282753Z[0m [32m INFO[0m [2mralph_core::event_loop[0m[2m:[0m Successfully loaded 17 memories from store
[2m2026-04-16T23:16:57.282784Z[0m [32m INFO[0m [2mralph_core::event_loop[0m[2m:[0m Injecting 17 memories (7691 chars) into prompt
[2m2026-04-16T23:16:57.282913Z[0m [32m INFO[0m [2mralph_core::event_loop[0m[2m:[0m Injecting ready tasks (0 ready, 0 open, 20 closed) into prompt
[2m2026-04-16T23:24:21.702240Z[0m [32m INFO[0m [2mralph_core::event_loop[0m[2m:[0m Memory injection check: enabled=true, inject=Auto, workspace_root="/home/art/Documents/dev/forge"
[2m2026-04-16T23:24:21.702289Z[0m [32m INFO[0m [2mralph_core::event_loop[0m[2m:[0m Looking for memories at: "/home/art/Documents/dev/forge/.ralph/agent/memories.md" (exists: true)
[2m2026-04-16T23:24:21.702550Z[0m [32m INFO[0m [2mralph_core::event_loop[0m[2m:[0m Successfully loaded 18 memories from store
[2m2026-04-16T23:24:21.702581Z[0m [32m INFO[0m [2mralph_core::event_loop[0m[2m:[0m Injecting 18 memories (7855 chars) into prompt
[2m2026-04-16T23:24:21.702849Z[0m [32m INFO[0m [2mralph_core::event_loop[0m[2m:[0m Injecting ready tasks (0 ready, 0 open, 21 closed) into prompt
[2m2026-04-16T23:29:50.326926Z[0m [32m INFO[0m [2mralph_core::event_loop[0m[2m:[0m Memory injection check: enabled=true, inject=Auto, workspace_root="/home/art/Documents/dev/forge"
[2m2026-04-16T23:29:50.326998Z[0m [32m INFO[0m [2mralph_core::event_loop[0m[2m:[0m Looking for memories at: "/home/art/Documents/dev/forge/.ralph/agent/memories.md" (exists: true)
[2m2026-04-16T23:29:50.327379Z[0m [32m INFO[0m [2mralph_core::event_loop[0m[2m:[0m Successfully loaded 18 memories from store
[2m2026-04-16T23:29:50.327427Z[0m [32m INFO[0m [2mralph_core::event_loop[0m[2m:[0m Injecting 18 memories (7855 chars) into prompt
[2m2026-04-16T23:29:50.327557Z[0m [32m INFO[0m [2mralph_core::event_loop[0m[2m:[0m Injecting ready tasks (0 ready, 1 open, 21 closed) into prompt
[2m2026-04-16T23:29:51.993616Z[0m [32m INFO[0m [2mralph_core::event_loop[0m[2m:[0m Memory injection check: enabled=true, inject=Auto, workspace_root="/home/art/Documents/dev/forge"
[2m2026-04-16T23:29:51.993678Z[0m [32m INFO[0m [2mralph_core::event_loop[0m[2m:[0m Looking for memories at: "/home/art/Documents/dev/forge/.ralph/agent/memories.md" (exists: true)
[2m2026-04-16T23:29:51.994068Z[0m [32m INFO[0m [2mralph_core::event_loop[0m[2m:[0m Successfully loaded 18 memories from store
[2m2026-04-16T23:29:51.994133Z[0m [32m INFO[0m [2mralph_core::event_loop[0m[2m:[0m Injecting 18 memories (7855 chars) into prompt
[2m2026-04-16T23:29:51.994339Z[0m [32m INFO[0m [2mralph_core::event_loop[0m[2m:[0m Injecting ready tasks (0 ready, 1 open, 21 closed) into prompt
[2m2026-04-16T23:29:53.326383Z[0m [32m INFO[0m [2mralph_core::event_loop[0m[2m:[0m Memory injection check: enabled=true, inject=Auto, workspace_root="/home/art/Documents/dev/forge"
[2m2026-04-16T23:29:53.326438Z[0m [32m INFO[0m [2mralph_core::event_loop[0m[2m:[0m Looking for memories at: "/home/art/Documents/dev/forge/.ralph/agent/memories.md" (exists: true)
[2m2026-04-16T23:29:53.326760Z[0m [32m INFO[0m [2mralph_core::event_loop[0m[2m:[0m Successfully loaded 18 memories from store
[2m2026-04-16T23:29:53.326945Z[0m [32m INFO[0m [2mralph_core::event_loop[0m[2m:[0m Injecting 18 memories (7855 chars) into prompt
[2m2026-04-16T23:29:53.327202Z[0m [32m INFO[0m [2mralph_core::event_loop[0m[2m:[0m Injecting ready tasks (0 ready, 1 open, 21 closed) into prompt
[2m2026-04-16T23:29:54.763248Z[0m [32m INFO[0m [2mralph_core::event_loop[0m[2m:[0m Memory injection check: enabled=true, inject=Auto, workspace_root="/home/art/Documents/dev/forge"
[2m2026-04-16T23:29:54.763300Z[0m [32m INFO[0m [2mralph_core::event_loop[0m[2m:[0m Looking for memories at: "/home/art/Documents/dev/forge/.ralph/agent/memories.md" (exists: true)
[2m2026-04-16T23:29:54.763578Z[0m [32m INFO[0m [2mralph_core::event_loop[0m[2m:[0m Successfully loaded 18 memories from store
[2m2026-04-16T23:29:54.763609Z[0m [32m INFO[0m [2mralph_core::event_loop[0m[2m:[0m Injecting 18 memories (7855 chars) into prompt
[2m2026-04-16T23:29:54.763804Z[0m [32m INFO[0m [2mralph_core::event_loop[0m[2m:[0m Injecting ready tasks (0 ready, 1 open, 21 closed) into prompt
[2m2026-04-16T23:29:55.948210Z[0m [32m INFO[0m [2mralph_core::event_loop[0m[2m:[0m Wrapping up: consecutive_failures. 27 iterations in 2h 45m 13s. [3mreason[0m[2m=[0mconsecutive_failures [3miterations[0m[2m=[0m27 [3mduration[0m[2m=[0m2h 45m 13s
